[2026-01-30T10:34:05.714Z] TO: hansidoerflinger@gmail.com | SUBJECT: [Bunte Liga] Neue Spielanfrage | CONTENT_SNIPPET: Neue Spielanfrage - Kämpfende Herzen möchte am Invalid Date um Invalid Date Uhr gegen euch spielen (@ Marian-Rutka-Platz)....
[2026-01-30T10:34:49.403Z] TO: hansidoerflinger@gmail.com | SUBJECT: [Bunte Liga] Spiel abgesagt | CONTENT_SNIPPET: Spiel abgesagt - Kämpfende Herzen hat das Spiel am Invalid Date um Invalid Date Uhr abgesagt....
[2026-01-30T10:35:14.054Z] TO: hansidoerflinger@gmail.com | SUBJECT: [Bunte Liga] Neue Spielanfrage | CONTENT_SNIPPET: Neue Spielanfrage - Kämpfende Herzen möchte am Invalid Date um Invalid Date Uhr gegen euch spielen (@ Marian-Rutka-Platz)....
[2026-01-30T10:35:32.160Z] TO: hansjoachim.doerflinger@gmail.com | SUBJECT: [Bunte Liga] Anfrage abgelehnt | CONTENT_SNIPPET: Anfrage abgelehnt - Rakete Freiburg hat die Anfrage für das Spiel am Invalid Date abgelehnt....
[2026-01-30T10:35:44.305Z] TO: hansidoerflinger@gmail.com | SUBJECT: [Bunte Liga] Neue Spielanfrage | CONTENT_SNIPPET: Neue Spielanfrage - Kämpfende Herzen möchte am Invalid Date um Invalid Date Uhr gegen euch spielen (@ Marian-Rutka-Platz)....
[2026-01-30T10:36:06.019Z] TO: hansjoachim.doerflinger@gmail.com | SUBJECT: [Bunte Liga] Spiel bestätigt | CONTENT_SNIPPET: Spiel bestätigt - Rakete Freiburg hat die Anfrage für das Spiel am Invalid Date um Invalid Date Uhr angenommen....
[2026-01-30T10:37:34.604Z] TO: hansidoerflinger@gmail.com | SUBJECT: [Bunte Liga] Ergebnis eingetragen | CONTENT_SNIPPET: Ergebnis eingetragen - Kämpfende Herzen hat ein Ergebnis (0:5) für das Spiel Kämpfende Herzen vs Rakete Freiburg gemeldet. Bitte bestätigen....
[2026-01-30T10:37:53.306Z] TO: hansjoachim.doerflinger@gmail.com | SUBJECT: [Bunte Liga] Ergebnis abgelehnt | CONTENT_SNIPPET: Ergebnis abgelehnt - Rakete Freiburg hat das Ergebnis für das Spiel Kämpfende Herzen vs Rakete Freiburg abgelehnt....
[2026-01-30T10:38:01.840Z] TO: hansjoachim.doerflinger@gmail.com | SUBJECT: [Bunte Liga] Ergebnis eingetragen | CONTENT_SNIPPET: Ergebnis eingetragen - Rakete Freiburg hat ein Ergebnis (0:3) für das Spiel Kämpfende Herzen vs Rakete Freiburg gemeldet. Bitte bestätigen....
[2026-01-30T10:39:29.405Z] TO: hansidoerflinger@gmail.com | SUBJECT: [Bunte Liga] Ergebnis abgelehnt | CONTENT_SNIPPET: Ergebnis abgelehnt - Kämpfende Herzen hat das Ergebnis für das Spiel Kämpfende Herzen vs Rakete Freiburg abgelehnt....
[2026-01-30T10:39:40.134Z] TO: hansidoerflinger@gmail.com | SUBJECT: [Bunte Liga] Spiel abgesagt | CONTENT_SNIPPET: Spiel abgesagt - Kämpfende Herzen hat das Spiel am Invalid Date um Invalid Date Uhr abgesagt....
[2026-01-30T10:40:26.907Z] TO: hansjoachim.doerflinger@gmail.com | SUBJECT: [Bunte Liga] Spiel bestätigt | CONTENT_SNIPPET: Spiel bestätigt - Rakete Freiburg hat die Anfrage für das Spiel am 31.1.2026 um 18:00 Uhr angenommen....
[2026-01-30T10:56:06.286Z] TO: hansidoerflinger@gmail.com | SUBJECT: [Bunte Liga] Neue Spielanfrage | CONTENT_SNIPPET: Neue Spielanfrage - Kämpfende Herzen möchte ein Spiel gegen euch bestreiten....
[2026-01-30T10:57:56.545Z] TO: hansjoachim.doerflinger@gmail.com | SUBJECT: [Bunte Liga] Spiel bestätigt | CONTENT_SNIPPET: Spiel bestätigt - Rakete Freiburg hat die Anfrage für das Spiel am 31.1.2026 um 18:00 Uhr angenommen....
[2026-01-30T11:05:53.256Z] TO: hansidoerflinger@gmail.com | SUBJECT: [Bunte Liga] Ergebnis eingetragen | CONTENT_SNIPPET: Ergebnis eingetragen - Kämpfende Herzen hat ein Ergebnis (0:4) für das Spiel Kämpfende Herzen vs Rakete Freiburg gemeldet. Bitte bestätigen....
[2026-01-30T11:09:45.715Z] TO: hansjoachim.doerflinger@gmail.com | SUBJECT: [Bunte Liga] Ergebnis bestätigt | CONTENT_SNIPPET: Ergebnis bestätigt - Rakete Freiburg hat das Ergebnis (0:4) für das Spiel Kämpfende Herzen vs Rakete Freiburg bestätigt....
[2026-01-30T11:18:20.635Z] TO: hansjoachim.doerflinger@gmail.com | SUBJECT: [Bunte Liga] Spiel abgesagt | CONTENT_SNIPPET: Spiel abgesagt - Rakete Freiburg hat das Spiel am 31.1.2026 um 18:00 Uhr abgesagt....
[2026-01-30T11:19:34.919Z] TO: hansidoerflinger@gmail.com | SUBJECT: [Bunte Liga] Neue Spielanfrage | CONTENT_SNIPPET: Neue Spielanfrage - Kämpfende Herzen möchte ein Spiel gegen euch bestreiten....
[2026-01-30T11:20:15.009Z] TO: hansjoachim.doerflinger@gmail.com | SUBJECT: [Bunte Liga] Spiel bestätigt | CONTENT_SNIPPET: Spiel bestätigt - Rakete Freiburg hat die Anfrage für das Spiel am 31.1.2026 um 18:00 Uhr angenommen....
[2026-01-30T11:22:43.759Z] TO: hansidoerflinger@gmail.com | SUBJECT: [Bunte Liga] Spiel abgesagt | CONTENT_SNIPPET: Spiel abgesagt - Kämpfende Herzen hat das Spiel am 31.1.2026 um 18:00 Uhr abgesagt....
